<?xml version="1.0" encoding="UTF-8"?>
<!-- Generated by org.testng.reporters.JUnitReportReporter -->
<testsuite skipped="0" hostname="LAPTOP-0DTB49BH" name="qa.dwr.my.runner.MyRunnerTest" tests="1" failures="0" timestamp="28 Feb 2020 20:29:45 GMT" time="0.123" errors="0">
  <testcase name="feature" time="0.123" classname="qa.dwr.my.runner.MyRunnerTest"/>
</testsuite> <!-- qa.dwr.my.runner.MyRunnerTest -->
